<?xml version="1.0" encoding="UTF-8"?>
<testng-results ignored="0" total="3" passed="2" failed="1" skipped="0">
  <reporter-output>
  </reporter-output>
  <suite started-at="2022-07-26T18:17:49 IST" name="Default suite" finished-at="2022-07-26T18:19:20 IST" duration-ms="90122">
    <groups>
    </groups>
    <test started-at="2022-07-26T18:17:49 IST" name="Default test" finished-at="2022-07-26T18:19:20 IST" duration-ms="90122">
      <class name="com.iris22a.ProductTests">
        <test-method is-config="true" signature="setUp(java.lang.String)[pri:0, instance:com.iris22a.ProductTests@14555e0a]" started-at="2022-07-26T18:17:49 IST" name="setUp" finished-at="2022-07-26T18:18:03 IST" duration-ms="13987" status="PASS">
          <params>
            <param index="0">
              <value is-null="true"/>
            </param>
          </params>
          <reporter-output>
          </reporter-output>
        </test-method> <!-- setUp -->
        <test-method signature="veifyItemCountOfCasualShirts()[pri:0, instance:com.iris22a.ProductTests@14555e0a]" started-at="2022-07-26T18:18:03 IST" name="veifyItemCountOfCasualShirts" finished-at="2022-07-26T18:18:26 IST" duration-ms="22514" status="FAIL">
          <exception class="java.lang.IllegalStateException">
            <message>
              <![CDATA[No match found]]>
            </message>
            <full-stacktrace>
              <![CDATA[java.lang.IllegalStateException: No match found
at java.base/java.util.regex.Matcher.group(Matcher.java:644)
at java.base/java.util.regex.Matcher.group(Matcher.java:603)
at com.iris22a.pages.CasualShirtsPage.getItemCount(CasualShirtsPage.java:18)
at com.iris22a.ProductTests.veifyItemCountOfCasualShirts(ProductTests.java:72)
at java.base/jdk.internal.reflect.NativeMethodAccessorImpl.invoke0(Native Method)
at java.base/jdk.internal.reflect.NativeMethodAccessorImpl.invoke(NativeMethodAccessorImpl.java:77)
at java.base/jdk.internal.reflect.DelegatingMethodAccessorImpl.invoke(DelegatingMethodAccessorImpl.java:43)
at java.base/java.lang.reflect.Method.invoke(Method.java:568)
at org.testng.internal.MethodInvocationHelper.invokeMethod(MethodInvocationHelper.java:134)
at org.testng.internal.TestInvoker.invokeMethod(TestInvoker.java:597)
at org.testng.internal.TestInvoker.invokeTestMethod(TestInvoker.java:173)
at org.testng.internal.MethodRunner.runInSequence(MethodRunner.java:46)
at org.testng.internal.TestInvoker$MethodInvocationAgent.invoke(TestInvoker.java:816)
at org.testng.internal.TestInvoker.invokeTestMethods(TestInvoker.java:146)
at org.testng.internal.TestMethodWorker.invokeTestMethods(TestMethodWorker.java:146)
at org.testng.internal.TestMethodWorker.run(TestMethodWorker.java:128)
at java.base/java.util.ArrayList.forEach(ArrayList.java:1511)
at org.testng.TestRunner.privateRun(TestRunner.java:766)
at org.testng.TestRunner.run(TestRunner.java:587)
at org.testng.SuiteRunner.runTest(SuiteRunner.java:384)
at org.testng.SuiteRunner.runSequentially(SuiteRunner.java:378)
at org.testng.SuiteRunner.privateRun(SuiteRunner.java:337)
at org.testng.SuiteRunner.run(SuiteRunner.java:286)
at org.testng.SuiteRunnerWorker.runSuite(SuiteRunnerWorker.java:53)
at org.testng.SuiteRunnerWorker.run(SuiteRunnerWorker.java:96)
at org.testng.TestNG.runSuitesSequentially(TestNG.java:1187)
at org.testng.TestNG.runSuitesLocally(TestNG.java:1109)
at org.testng.TestNG.runSuites(TestNG.java:1039)
at org.testng.TestNG.run(TestNG.java:1007)
at org.testng.remote.AbstractRemoteTestNG.run(AbstractRemoteTestNG.java:115)
at org.testng.remote.RemoteTestNG.initAndRun(RemoteTestNG.java:251)
at org.testng.remote.RemoteTestNG.main(RemoteTestNG.java:77)
]]>
            </full-stacktrace>
          </exception> <!-- java.lang.IllegalStateException -->
          <reporter-output>
          </reporter-output>
        </test-method> <!-- veifyItemCountOfCasualShirts -->
        <test-method is-config="true" signature="tearDown()[pri:0, instance:com.iris22a.ProductTests@14555e0a]" started-at="2022-07-26T18:18:26 IST" name="tearDown" finished-at="2022-07-26T18:18:31 IST" duration-ms="4954" status="PASS">
          <reporter-output>
          </reporter-output>
        </test-method> <!-- tearDown -->
        <test-method is-config="true" signature="setUp(java.lang.String)[pri:0, instance:com.iris22a.ProductTests@14555e0a]" started-at="2022-07-26T18:18:31 IST" name="setUp" finished-at="2022-07-26T18:18:35 IST" duration-ms="3624" status="PASS">
          <params>
            <param index="0">
              <value is-null="true"/>
            </param>
          </params>
          <reporter-output>
          </reporter-output>
        </test-method> <!-- setUp -->
        <test-method signature="verifyCategoryListForTopWears()[pri:0, instance:com.iris22a.ProductTests@14555e0a]" started-at="2022-07-26T18:18:35 IST" name="verifyCategoryListForTopWears" finished-at="2022-07-26T18:18:50 IST" duration-ms="15204" status="PASS">
          <reporter-output>
          </reporter-output>
        </test-method> <!-- verifyCategoryListForTopWears -->
        <test-method is-config="true" signature="tearDown()[pri:0, instance:com.iris22a.ProductTests@14555e0a]" started-at="2022-07-26T18:18:50 IST" name="tearDown" finished-at="2022-07-26T18:18:54 IST" duration-ms="4285" status="PASS">
          <reporter-output>
          </reporter-output>
        </test-method> <!-- tearDown -->
        <test-method is-config="true" signature="setUp(java.lang.String)[pri:0, instance:com.iris22a.ProductTests@14555e0a]" started-at="2022-07-26T18:18:54 IST" name="setUp" finished-at="2022-07-26T18:18:58 IST" duration-ms="3465" status="PASS">
          <params>
            <param index="0">
              <value is-null="true"/>
            </param>
          </params>
          <reporter-output>
          </reporter-output>
        </test-method> <!-- setUp -->
        <test-method signature="verifySearchResultForPoloMen()[pri:0, instance:com.iris22a.ProductTests@14555e0a]" started-at="2022-07-26T18:18:58 IST" name="verifySearchResultForPoloMen" finished-at="2022-07-26T18:19:16 IST" duration-ms="18398" status="PASS">
          <reporter-output>
          </reporter-output>
        </test-method> <!-- verifySearchResultForPoloMen -->
        <test-method is-config="true" signature="tearDown()[pri:0, instance:com.iris22a.ProductTests@14555e0a]" started-at="2022-07-26T18:19:16 IST" name="tearDown" finished-at="2022-07-26T18:19:20 IST" duration-ms="3534" status="PASS">
          <reporter-output>
          </reporter-output>
        </test-method> <!-- tearDown -->
      </class> <!-- com.iris22a.ProductTests -->
    </test> <!-- Default test -->
  </suite> <!-- Default suite -->
</testng-results>
